2025-06-04 12:03:23,658:INFO:voice_channels: Données de salons vocaux chargées: 0 salons
2025-06-11 19:57:03,081:INFO:voice_channels: Données de salons vocaux chargées: 0 salons
2025-06-14 20:56:14,877:INFO:voice_channels: Données de salons vocaux sauvegardées: 1 salons
2025-06-14 20:56:15,531:INFO:voice_channels: Salon staff créé: 🎤 Bamboula (1383550626843066510) par favonius_key (595343318779428874)
2025-06-19 09:10:28,479:INFO:voice_channels: Données de salons vocaux chargées: 1 salons
2025-06-19 09:23:51,992:INFO:voice_channels: Données de salons vocaux chargées: 1 salons
2025-06-19 09:46:46,035:INFO:voice_channels: Données de salons vocaux chargées: 1 salons
2025-06-19 10:13:27,467:INFO:voice_channels: Données de salons vocaux chargées: 1 salons
2025-06-19 10:43:33,711:INFO:voice_channels: Données de salons vocaux chargées: 1 salons
2025-06-19 19:00:27,818:INFO:voice_channels: Données de salons vocaux chargées: 1 salons
2025-06-19 19:02:37,323:INFO:voice_channels: Données de salons vocaux chargées: 1 salons
2025-06-19 19:07:49,705:INFO:voice_channels: Données de salons vocaux chargées: 1 salons
2025-06-19 19:10:35,208:INFO:voice_channels: Données de salons vocaux chargées: 1 salons
2025-06-21 23:43:49,611:INFO:voice_channels: Données de salons vocaux chargées: 1 salons
2025-06-21 23:44:25,954:INFO:voice_channels: Données de salons vocaux chargées: 1 salons
2025-06-29 01:30:31,779:INFO:voice_channels: Configuration sauvegardée avec succès
2025-06-29 01:30:37,495:INFO:voice_channels: Données de salons vocaux sauvegardées: 2 salons
2025-06-29 01:30:38,132:INFO:voice_channels: Salon vocal créé: 🏝️ Salon de Keywan - US6 (1388693106928521300) par favonius_key (595343318779428874)
2025-06-29 01:30:45,002:INFO:voice_channels: Données de salons vocaux sauvegardées: 2 salons
2025-06-29 01:30:48,179:INFO:voice_channels: Données de salons vocaux sauvegardées: 2 salons
2025-06-29 01:30:54,904:INFO:voice_channels: Données de salons vocaux sauvegardées: 2 salons
2025-06-29 01:31:11,205:INFO:voice_channels: Données de salons vocaux sauvegardées: 1 salons
2025-06-29 01:31:11,206:INFO:voice_channels: Salon supprimé immédiatement (vide après changement): 🏝️ Salon de Keywan - US6 (1388693106928521300)
2025-06-29 15:48:20,243:INFO:voice_channels: Données de salons vocaux sauvegardées: 2 salons
2025-06-29 15:48:22,552:INFO:voice_channels: Salon vocal créé: 🏝️ Salon de Keywan - US6 (1388908957392965652) par favonius_key (595343318779428874)
2025-06-29 15:48:23,580:INFO:voice_channels: Données de salons vocaux sauvegardées: 1 salons
2025-06-29 15:48:23,581:INFO:voice_channels: Salon supprimé immédiatement (vide après changement): 🏝️ Salon de Keywan - US6 (1388908957392965652)
2025-06-30 14:09:31,482:INFO:voice_channels: Données de salons vocaux sauvegardées: 2 salons
2025-06-30 14:09:34,209:INFO:voice_channels: Données de salons vocaux sauvegardées: 1 salons
2025-06-30 14:09:34,210:INFO:voice_channels: Salon supprimé immédiatement (vide): 🏝️ Salon de Alex (1389246478161018981)
2025-06-30 14:09:37,847:INFO:voice_channels: Salon vocal créé: 🏝️ Salon de Alex (1389246478161018981) par __panoramix__ (526488410588839959)
2025-07-01 12:33:29,512:INFO:voice_channels: Données de salons vocaux sauvegardées: 2 salons
2025-07-01 12:33:30,254:INFO:voice_channels: Salon vocal créé: 🏝️ Salon de Keywan - US6 (1389584698011029666) par favonius_key (595343318779428874)
2025-07-01 12:33:38,843:INFO:voice_channels: Données de salons vocaux sauvegardées: 2 salons
2025-07-01 12:33:43,250:INFO:voice_channels: Données de salons vocaux sauvegardées: 2 salons
2025-07-01 12:33:46,161:INFO:voice_channels: Données de salons vocaux sauvegardées: 2 salons
2025-07-01 12:35:17,010:INFO:voice_channels: Données de salons vocaux sauvegardées: 2 salons
2025-07-01 12:36:21,333:INFO:voice_channels: Données de salons vocaux sauvegardées: 2 salons
2025-07-01 12:36:24,821:INFO:voice_channels: Données de salons vocaux sauvegardées: 2 salons
2025-07-01 12:37:39,876:INFO:voice_channels: Données de salons vocaux sauvegardées: 2 salons
2025-07-01 12:38:08,237:INFO:voice_channels: Données de salons vocaux sauvegardées: 2 salons
2025-07-01 12:38:17,286:INFO:voice_channels: Données de salons vocaux sauvegardées: 2 salons
2025-07-01 12:38:26,074:INFO:voice_channels: Données de salons vocaux sauvegardées: 3 salons
2025-07-01 12:38:26,982:INFO:voice_channels: Salon vocal créé: 🏝️ Salon de Valéry (1389585942490124388) par valibad. (1103587930569723924)
2025-07-01 12:38:30,793:INFO:voice_channels: Données de salons vocaux sauvegardées: 2 salons
2025-07-01 12:38:30,794:INFO:voice_channels: Salon supprimé immédiatement (vide après changement): 🏝️ Salon de Valéry (1389585942490124388)
2025-07-01 12:39:17,440:INFO:voice_channels: Données de salons vocaux sauvegardées: 1 salons
2025-07-01 12:39:17,442:INFO:voice_channels: Salon supprimé immédiatement (vide): 🏝️ Salon de Keywan - US6 (1389584698011029666)
2025-07-28 20:36:05,399:INFO:voice_channels: Données de salons vocaux sauvegardées: 2 salons
2025-07-28 20:36:07,774:INFO:voice_channels: Données de salons vocaux sauvegardées: 1 salons
2025-07-28 20:36:07,776:INFO:voice_channels: Salon supprimé immédiatement (vide après changement): 🏝️ Salon de Keywan - CP5/US6 (1399490620367831213)
2025-07-28 20:36:08,026:INFO:voice_channels: Salon vocal créé: 🏝️ Salon de Keywan - CP5/US6 (1399490620367831213) par favonius_key (595343318779428874)
2025-07-28 20:36:10,477:INFO:voice_channels: Données de salons vocaux sauvegardées: 2 salons
2025-07-28 20:36:11,075:INFO:voice_channels: Salon vocal créé: 🏝️ Salon de Vincent_31 (1399490641096085536) par vincent_31 (778588186896367616)
2025-07-28 20:36:34,720:INFO:voice_channels: Données de salons vocaux sauvegardées: 2 salons
2025-07-28 20:36:38,850:INFO:voice_channels: Données de salons vocaux sauvegardées: 2 salons
2025-07-28 20:36:41,882:INFO:voice_channels: Données de salons vocaux sauvegardées: 2 salons
2025-07-28 20:37:18,292:INFO:voice_channels: Données de salons vocaux sauvegardées: 1 salons
2025-07-28 20:37:18,293:INFO:voice_channels: Salon supprimé immédiatement (vide après changement): 🔒 Salon du goat (1399490641096085536)
2025-07-28 20:37:27,860:INFO:voice_channels: Données de salons vocaux sauvegardées: 2 salons
2025-07-28 20:37:28,709:INFO:voice_channels: Salon vocal créé: 🏝️ Salon de Vincent_31 (1399490966678798481) par vincent_31 (778588186896367616)
2025-07-28 20:37:31,958:INFO:voice_channels: Données de salons vocaux sauvegardées: 1 salons
2025-07-28 20:37:31,959:INFO:voice_channels: Salon supprimé immédiatement (vide après changement): 🏝️ Salon de Vincent_31 (1399490966678798481)
2025-07-29 00:16:25,683:INFO:voice_channels: Données de salons vocaux sauvegardées: 2 salons
2025-07-29 00:16:26,763:INFO:voice_channels: Salon vocal créé: 🏝️ Salon de Max (1399546070341648406) par zabitant971 (409328809351970827)
2025-07-29 00:48:40,648:INFO:voice_channels: Données de salons vocaux sauvegardées: 3 salons
2025-07-29 00:48:41,345:INFO:voice_channels: Salon vocal créé: 🏝️ Salon de Keywan (1399554186424746124) par favonius_key (595343318779428874)
2025-07-29 00:48:42,563:INFO:voice_channels: Données de salons vocaux sauvegardées: 2 salons
2025-07-29 00:48:42,564:INFO:voice_channels: Salon supprimé immédiatement (vide après changement): 🏝️ Salon de Keywan (1399554186424746124)
2025-07-29 00:48:44,005:INFO:voice_channels: Données de salons vocaux sauvegardées: 3 salons
2025-07-29 00:48:44,532:INFO:voice_channels: Salon vocal créé: 🏝️ Salon de Keywan (1399554199976415273) par favonius_key (595343318779428874)
2025-07-29 00:48:45,189:INFO:voice_channels: Données de salons vocaux sauvegardées: 2 salons
2025-07-29 00:48:45,190:INFO:voice_channels: Salon supprimé immédiatement (vide après changement): 🏝️ Salon de Keywan (1399554199976415273)
2025-07-29 00:48:46,167:INFO:voice_channels: Données de salons vocaux sauvegardées: 3 salons
2025-07-29 00:48:47,551:INFO:voice_channels: Données de salons vocaux sauvegardées: 2 salons
2025-07-29 00:48:47,552:INFO:voice_channels: Salon supprimé immédiatement (vide après changement): 🏝️ Salon de Keywan (1399554209602605106)
2025-07-29 00:48:48,271:INFO:voice_channels: Salon vocal créé: 🏝️ Salon de Keywan (1399554209602605106) par favonius_key (595343318779428874)
2025-07-29 00:48:48,904:INFO:voice_channels: Données de salons vocaux sauvegardées: 3 salons
2025-07-29 00:48:49,534:INFO:voice_channels: Salon vocal créé: 🏝️ Salon de Keywan (1399554220872568882) par favonius_key (595343318779428874)
2025-07-29 00:48:50,125:INFO:voice_channels: Données de salons vocaux sauvegardées: 2 salons
2025-07-29 00:48:50,125:INFO:voice_channels: Salon supprimé immédiatement (vide après changement): 🏝️ Salon de Keywan (1399554220872568882)
2025-07-29 00:48:51,025:INFO:voice_channels: Données de salons vocaux sauvegardées: 3 salons
2025-07-29 00:48:51,090:INFO:voice_channels: Données de salons vocaux sauvegardées: 4 salons
2025-07-29 00:48:51,609:INFO:voice_channels: Salon vocal créé: 🏝️ Salon de cargolux (1399554230272000040) par ausdream (878080525045227561)
2025-07-29 00:48:51,672:INFO:voice_channels: Salon vocal créé: 🏝️ Salon de Keywan (1399554230112751646) par favonius_key (595343318779428874)
2025-07-29 00:48:53,809:INFO:voice_channels: Données de salons vocaux sauvegardées: 3 salons
2025-07-29 00:48:53,810:INFO:voice_channels: Salon supprimé immédiatement (vide après changement): 🏝️ Salon de cargolux (1399554230272000040)
2025-07-29 00:48:55,471:INFO:voice_channels: Données de salons vocaux sauvegardées: 4 salons
2025-07-29 00:48:56,012:INFO:voice_channels: Salon vocal créé: 🏝️ Salon de cargolux (1399554248357970143) par ausdream (878080525045227561)
2025-07-29 00:48:58,336:INFO:voice_channels: Données de salons vocaux sauvegardées: 3 salons
2025-07-29 00:48:58,337:INFO:voice_channels: Salon supprimé immédiatement (vide après changement): 🏝️ Salon de Keywan (1399554230112751646)
2025-07-29 00:49:00,372:INFO:voice_channels: Données de salons vocaux sauvegardées: 2 salons
2025-07-29 00:49:00,373:INFO:voice_channels: Salon supprimé immédiatement (vide après changement): 🏝️ Salon de cargolux (1399554248357970143)
2025-07-29 00:49:00,834:INFO:voice_channels: Données de salons vocaux sauvegardées: 3 salons
2025-07-29 00:49:01,490:INFO:voice_channels: Salon vocal créé: 🏝️ Salon de Keywan (1399554271137103902) par favonius_key (595343318779428874)
2025-07-29 00:49:05,579:INFO:voice_channels: Données de salons vocaux sauvegardées: 2 salons
2025-07-29 00:49:05,579:INFO:voice_channels: Salon supprimé immédiatement (vide après changement): 🏝️ Salon de Keywan (1399554271137103902)
2025-07-29 00:59:00,638:INFO:voice_channels: Données de salons vocaux sauvegardées: 3 salons
2025-07-29 00:59:01,276:INFO:voice_channels: Salon vocal créé: 🏝️ Salon de Keywan (1399556786305892416) par favonius_key (595343318779428874)
2025-07-29 00:59:03,206:INFO:voice_channels: Données de salons vocaux sauvegardées: 4 salons
2025-07-29 00:59:03,766:INFO:voice_channels: Salon vocal créé: 🏝️ Salon de Keywan (1399556797571793038) par favonius_key (595343318779428874)
2025-07-29 00:59:05,481:INFO:voice_channels: Données de salons vocaux sauvegardées: 5 salons
2025-07-29 00:59:06,133:INFO:voice_channels: Salon vocal créé: 🏝️ Salon de Keywan (1399556806862438431) par favonius_key (595343318779428874)
2025-07-29 00:59:07,270:INFO:voice_channels: Données de salons vocaux sauvegardées: 6 salons
2025-07-29 00:59:07,821:INFO:voice_channels: Salon vocal créé: 🏝️ Salon de Keywan (1399556814130905151) par favonius_key (595343318779428874)
2025-07-29 00:59:10,530:INFO:voice_channels: Données de salons vocaux sauvegardées: 5 salons
2025-07-29 00:59:10,531:INFO:voice_channels: Salon supprimé immédiatement (vide après changement): 🏝️ Salon de Keywan (1399556814130905151)
2025-07-29 00:59:22,017:INFO:voice_channels: Données de salons vocaux sauvegardées: 6 salons
2025-07-29 00:59:22,436:INFO:voice_channels: Salon vocal créé: 🏝️ Salon de cargolux (1399556876710182982) par ausdream (878080525045227561)
2025-07-29 00:59:23,196:INFO:voice_channels: Données de salons vocaux sauvegardées: 7 salons
2025-07-29 00:59:23,873:INFO:voice_channels: Salon vocal créé: 🏝️ Salon de cargolux (1399556881261002872) par ausdream (878080525045227561)
2025-07-29 00:59:24,154:INFO:voice_channels: Données de salons vocaux sauvegardées: 8 salons
2025-07-29 00:59:24,558:INFO:voice_channels: Salon vocal créé: 🏝️ Salon de cargolux (1399556885190938798) par ausdream (878080525045227561)
2025-07-29 00:59:26,295:INFO:voice_channels: Données de salons vocaux sauvegardées: 7 salons
2025-07-29 00:59:26,296:INFO:voice_channels: Salon supprimé (vide) par la tâche de nettoyage: 🏝️ Salon de Keywan (1399556786305892416)
2025-07-29 00:59:26,567:INFO:voice_channels: Données de salons vocaux sauvegardées: 6 salons
2025-07-29 00:59:26,568:INFO:voice_channels: Salon supprimé (vide) par la tâche de nettoyage: 🏝️ Salon de Keywan (1399556797571793038)
2025-07-29 00:59:26,819:INFO:voice_channels: Données de salons vocaux sauvegardées: 5 salons
2025-07-29 00:59:26,820:INFO:voice_channels: Salon supprimé (vide) par la tâche de nettoyage: 🏝️ Salon de Keywan (1399556806862438431)
2025-07-29 00:59:27,038:INFO:voice_channels: Données de salons vocaux sauvegardées: 4 salons
2025-07-29 00:59:27,039:INFO:voice_channels: Salon supprimé (vide) par la tâche de nettoyage: 🏝️ Salon de cargolux (1399556876710182982)
2025-07-29 00:59:27,300:INFO:voice_channels: Données de salons vocaux sauvegardées: 3 salons
2025-07-29 00:59:27,301:INFO:voice_channels: Salon supprimé (vide) par la tâche de nettoyage: 🏝️ Salon de cargolux (1399556881261002872)
2025-07-29 00:59:27,557:INFO:voice_channels: Données de salons vocaux sauvegardées: 2 salons
2025-07-29 00:59:27,558:INFO:voice_channels: Salon supprimé (vide) par la tâche de nettoyage: 🏝️ Salon de cargolux (1399556885190938798)
2025-07-29 00:59:36,582:INFO:voice_channels: Données de salons vocaux sauvegardées: 3 salons
2025-07-29 00:59:37,194:INFO:voice_channels: Salon vocal créé: 🏝️ Salon de Max (1399556937653157908) par zabitant971 (409328809351970827)
2025-07-29 00:59:42,392:INFO:voice_channels: Données de salons vocaux sauvegardées: 4 salons
2025-07-29 00:59:42,471:INFO:voice_channels: Données de salons vocaux sauvegardées: 5 salons
2025-07-29 00:59:42,929:INFO:voice_channels: Salon vocal créé: 🏝️ Salon de Keywan (1399556962017869925) par favonius_key (595343318779428874)
2025-07-29 00:59:43,027:INFO:voice_channels: Salon vocal créé: 🏝️ Salon de Max (1399556962454208672) par zabitant971 (409328809351970827)
2025-07-29 00:59:45,381:INFO:voice_channels: Données de salons vocaux sauvegardées: 4 salons
2025-07-29 00:59:45,382:INFO:voice_channels: Salon supprimé immédiatement (vide après changement): 🏝️ Salon de Keywan (1399556962017869925)
2025-07-29 00:59:51,885:INFO:voice_channels: Données de salons vocaux sauvegardées: 3 salons
2025-07-29 00:59:51,886:INFO:voice_channels: Salon supprimé immédiatement (vide après changement): 🏝️ Salon de Max (1399556962454208672)
2025-07-29 00:59:55,196:INFO:voice_channels: Données de salons vocaux sauvegardées: 2 salons
2025-07-29 00:59:55,196:INFO:voice_channels: Salon supprimé immédiatement (vide après changement): 🏝️ Salon de Max (1399546070341648406)
2025-07-29 01:00:00,846:INFO:voice_channels: Données de salons vocaux sauvegardées: 3 salons
2025-07-29 01:00:01,672:INFO:voice_channels: Salon vocal créé: 🏝️ Salon de Max (1399557039138537512) par zabitant971 (409328809351970827)
2025-07-29 01:00:07,085:INFO:voice_channels: Données de salons vocaux sauvegardées: 4 salons
2025-07-29 01:00:07,812:INFO:voice_channels: Salon vocal créé: 🏝️ Salon de Keywan (1399557064937836555) par favonius_key (595343318779428874)
2025-07-29 01:00:09,272:INFO:voice_channels: Données de salons vocaux sauvegardées: 5 salons
2025-07-29 01:00:09,849:INFO:voice_channels: Salon vocal créé: 🏝️ Salon de Keywan (1399557073817305131) par favonius_key (595343318779428874)
2025-07-29 01:00:10,712:INFO:voice_channels: Données de salons vocaux sauvegardées: 6 salons
2025-07-29 01:00:11,602:INFO:voice_channels: Salon vocal créé: 🏝️ Salon de Keywan (1399557080481792073) par favonius_key (595343318779428874)
2025-07-29 01:00:11,915:INFO:voice_channels: Données de salons vocaux sauvegardées: 7 salons
2025-07-29 01:00:12,589:INFO:voice_channels: Salon vocal créé: 🏝️ Salon de Keywan (1399557085951430778) par favonius_key (595343318779428874)
2025-07-29 01:00:13,368:INFO:voice_channels: Données de salons vocaux sauvegardées: 8 salons
2025-07-29 01:00:14,199:INFO:voice_channels: Salon vocal créé: 🏝️ Salon de Keywan (1399557091433381948) par favonius_key (595343318779428874)
2025-07-29 01:00:14,331:INFO:voice_channels: Données de salons vocaux sauvegardées: 9 salons
2025-07-29 01:00:15,068:INFO:voice_channels: Salon vocal créé: 🏝️ Salon de Keywan (1399557095547732080) par favonius_key (595343318779428874)
2025-07-29 01:00:15,367:INFO:voice_channels: Données de salons vocaux sauvegardées: 10 salons
2025-07-29 01:00:16,025:INFO:voice_channels: Salon vocal créé: 🏝️ Salon de Keywan (1399557100023054397) par favonius_key (595343318779428874)
2025-07-29 01:00:20,121:INFO:voice_channels: Données de salons vocaux sauvegardées: 9 salons
2025-07-29 01:00:20,122:INFO:voice_channels: Salon supprimé immédiatement (vide après changement): 🏝️ Salon de Keywan (1399557100023054397)
2025-07-29 01:01:09,918:INFO:voice_channels: Données de salons vocaux sauvegardées: 8 salons
2025-07-29 01:01:09,919:INFO:voice_channels: Salon supprimé immédiatement (vide après changement): 🏝️ Salon de Max (1399557039138537512)
2025-07-29 01:01:12,043:INFO:voice_channels: Données de salons vocaux sauvegardées: 7 salons
2025-07-29 01:01:12,044:INFO:voice_channels: Salon supprimé immédiatement (vide après changement): 🏝️ Salon de Keywan (1399557064937836555)
2025-07-29 01:01:14,135:INFO:voice_channels: Données de salons vocaux sauvegardées: 6 salons
2025-07-29 01:01:14,136:INFO:voice_channels: Salon supprimé immédiatement (vide après changement): 🏝️ Salon de Keywan (1399557073817305131)
2025-07-29 01:01:15,732:INFO:voice_channels: Données de salons vocaux sauvegardées: 5 salons
2025-07-29 01:01:15,733:INFO:voice_channels: Salon supprimé immédiatement (vide après changement): 🏝️ Salon de Keywan (1399557080481792073)
2025-07-29 01:01:17,554:INFO:voice_channels: Données de salons vocaux sauvegardées: 4 salons
2025-07-29 01:01:17,555:INFO:voice_channels: Salon supprimé immédiatement (vide après changement): 🏝️ Salon de Keywan (1399557085951430778)
2025-07-29 01:01:34,215:INFO:voice_channels: Données de salons vocaux sauvegardées: 3 salons
2025-07-29 01:01:34,216:INFO:voice_channels: Salon supprimé immédiatement (vide après changement): 🏝️ Salon de Keywan (1399557091433381948)
2025-07-29 01:01:38,666:INFO:voice_channels: Données de salons vocaux sauvegardées: 2 salons
2025-07-29 01:01:38,666:INFO:voice_channels: Salon supprimé immédiatement (vide après changement): 🏝️ Salon de Keywan (1399557095547732080)
2025-07-29 01:01:57,118:INFO:voice_channels: Données de salons vocaux sauvegardées: 3 salons
2025-07-29 01:01:57,654:INFO:voice_channels: Salon vocal créé: 🏝️ Salon de Keywan (1399557526927708233) par favonius_key (595343318779428874)
2025-07-29 01:02:02,379:INFO:voice_channels: Données de salons vocaux sauvegardées: 3 salons
2025-07-29 01:02:36,295:INFO:voice_channels: Données de salons vocaux sauvegardées: 4 salons
2025-07-29 01:02:36,825:INFO:voice_channels: Salon vocal créé: 🏝️ Salon de Keywan (1399557691549941790) par favonius_key (595343318779428874)
2025-07-29 01:02:38,826:INFO:voice_channels: Données de salons vocaux sauvegardées: 3 salons
2025-07-29 01:02:38,827:INFO:voice_channels: Salon supprimé immédiatement (vide après changement): 🏝️ Salon de Keywan (1399557691549941790)
2025-07-29 01:04:26,283:INFO:voice_channels: Données de salons vocaux sauvegardées: 2 salons
2025-07-29 01:04:26,284:INFO:voice_channels: Salon supprimé (vide) par la tâche de nettoyage: 🔒 69 or 96 (1399557526927708233)
2025-07-29 01:47:45,997:INFO:voice_channels: Données de salons vocaux sauvegardées: 1 salons
2025-07-29 01:47:45,998:INFO:voice_channels: Salon supprimé immédiatement (vide): 🏝️ Salon de Max (1399556937653157908)
2025-07-30 21:15:59,097:INFO:voice_channels: Données de salons vocaux sauvegardées: 2 salons
2025-07-30 21:15:59,727:INFO:voice_channels: Salon vocal créé: 🏝️ Salon de Keywan (1400225436310437908) par favonius_key (595343318779428874)
2025-07-30 21:16:02,406:INFO:voice_channels: Données de salons vocaux sauvegardées: 1 salons
2025-07-30 21:16:02,407:INFO:voice_channels: Salon supprimé immédiatement (vide après changement): 🏝️ Salon de Keywan (1400225436310437908)
2025-07-30 21:16:02,957:INFO:voice_channels: Données de salons vocaux sauvegardées: 2 salons
2025-07-30 21:16:03,746:INFO:voice_channels: Salon vocal créé: 🏝️ Salon de Etwan (1400225452517359666) par saucekitache (717031035656732864)
2025-07-30 21:16:22,975:INFO:voice_channels: Données de salons vocaux sauvegardées: 1 salons
2025-07-30 21:16:22,976:INFO:voice_channels: Salon supprimé immédiatement (vide après changement): 🏝️ Salon de Etwan (1400225452517359666)
2025-07-30 22:01:58,299:INFO:voice_channels: Données de salons vocaux sauvegardées: 2 salons
2025-07-30 22:01:58,876:INFO:voice_channels: Salon vocal créé: 🏝️ Salon de William (1400237009246884010) par yekite (679645315003187210)
2025-07-30 22:02:06,854:INFO:voice_channels: Données de salons vocaux sauvegardées: 3 salons
2025-07-30 22:02:07,402:INFO:voice_channels: Salon vocal créé: 🏝️ Salon de William (1400237045175025714) par yekite (679645315003187210)
2025-07-30 22:02:10,010:INFO:voice_channels: Données de salons vocaux sauvegardées: 2 salons
2025-07-30 22:02:10,010:INFO:voice_channels: Salon supprimé immédiatement (vide après changement): 🏝️ Salon de William (1400237045175025714)
2025-07-30 22:02:22,551:INFO:voice_channels: Données de salons vocaux sauvegardées: 1 salons
2025-07-30 22:02:22,551:INFO:voice_channels: Salon supprimé immédiatement (vide après changement): 🏝️ Salon de William (1400237009246884010)
2025-08-05 20:34:08,112:INFO:voice_channels: Données de salons vocaux sauvegardées: 2 salons
2025-08-05 20:34:09,580:INFO:voice_channels: Salon vocal créé: 🏝️ Salon de Keywan (1402389231778795530) par favonius_key (595343318779428874)
2025-08-05 20:34:11,447:INFO:voice_channels: Données de salons vocaux sauvegardées: 1 salons
2025-08-05 20:34:11,448:INFO:voice_channels: Salon supprimé immédiatement (vide après changement): 🏝️ Salon de Keywan (1402389231778795530)
2025-08-07 21:32:20,166:INFO:voice_channels: Données de salons vocaux chargées: 1 salons
2025-08-07 21:32:20,168:INFO:voice_channels: Configuration chargée avec succès
2025-08-07 22:41:11,642:INFO:voice_channels: Données de salons vocaux sauvegardées: 2 salons
2025-08-07 22:41:12,588:INFO:voice_channels: Salon vocal créé: 🏝️ Salon de Keywan (1403145982593601708) par favonius_key (595343318779428874)
2025-08-07 22:41:14,463:INFO:voice_channels: Données de salons vocaux sauvegardées: 1 salons
2025-08-07 22:41:14,464:INFO:voice_channels: Salon supprimé immédiatement (vide après changement): 🏝️ Salon de Keywan (1403145982593601708)
2025-08-22 08:47:59,800:INFO:voice_channels: Données de salons vocaux sauvegardées: 2 salons
2025-08-22 08:48:02,379:INFO:voice_channels: Données de salons vocaux sauvegardées: 1 salons
2025-08-22 08:48:02,379:INFO:voice_channels: Salon supprimé immédiatement (vide): 🏝️ Salon de Keywan (1408372119632613429)
2025-08-22 08:48:03,095:INFO:voice_channels: Salon vocal créé: 🏝️ Salon de Keywan (1408372119632613429) par favonius_key (595343318779428874)
2025-08-27 23:03:39,500:INFO:voice_channels: Données de salons vocaux sauvegardées: 2 salons
2025-08-27 23:03:40,395:INFO:voice_channels: Salon vocal créé: 🏝️ Salon de Keywan (1410399393357627523) par favonius_key (595343318779428874)
2025-08-27 23:03:44,735:INFO:voice_channels: Données de salons vocaux sauvegardées: 2 salons
2025-08-27 23:05:29,324:INFO:voice_channels: Données de salons vocaux sauvegardées: 1 salons
2025-08-27 23:05:29,325:INFO:voice_channels: Salon supprimé immédiatement (vide après changement): 🏝️ Salon de Keywan (1410399393357627523)
2025-08-27 23:20:21,428:INFO:voice_channels: Données de salons vocaux sauvegardées: 2 salons
2025-08-27 23:20:22,334:INFO:voice_channels: Salon vocal créé: 🏝️ Salon de Keywan (1410403595743920261) par favonius_key (595343318779428874)
2025-08-27 23:20:26,215:INFO:voice_channels: Données de salons vocaux sauvegardées: 3 salons
2025-08-27 23:20:26,824:INFO:voice_channels: Salon vocal créé: 🏝️ Salon de Keywan (1410403615780110356) par favonius_key (595343318779428874)
2025-08-27 23:20:31,690:INFO:voice_channels: Données de salons vocaux sauvegardées: 3 salons
2025-08-27 23:22:20,528:INFO:voice_channels: Données de salons vocaux sauvegardées: 2 salons
2025-08-27 23:22:20,529:INFO:voice_channels: Salon supprimé (vide) par la tâche de nettoyage: 🏝️ Salon de Keywan (1410403595743920261)
2025-08-27 23:23:01,593:INFO:voice_channels: Données de salons vocaux sauvegardées: 1 salons
2025-08-27 23:23:01,594:INFO:voice_channels: Salon supprimé immédiatement (vide après changement): 🏝️ Salon de Keywan (1410403615780110356)
2025-08-30 12:24:36,820:INFO:voice_channels: Données de salons vocaux chargées: 1 salons
2025-08-30 12:24:36,822:INFO:voice_channels: Configuration chargée avec succès
2025-09-02 09:15:03,501:INFO:voice_channels: Données de salons vocaux chargées: 1 salons
2025-09-02 09:15:03,504:INFO:voice_channels: Configuration chargée avec succès
2025-09-15 21:55:10,797:INFO:voice_channels: Données de salons vocaux sauvegardées: 2 salons
2025-09-15 21:55:11,921:INFO:voice_channels: Salon vocal créé: 🏝️ Salon de Keywan (1417267529876901908) par favonius_key (595343318779428874)
2025-09-15 21:55:16,380:INFO:voice_channels: Données de salons vocaux sauvegardées: 1 salons
2025-09-15 21:55:16,381:INFO:voice_channels: Salon supprimé immédiatement (vide après changement): 🏝️ Salon de Keywan (1417267529876901908)
2025-09-15 21:55:20,787:INFO:voice_channels: Données de salons vocaux sauvegardées: 2 salons
2025-09-15 21:55:21,576:INFO:voice_channels: Données de salons vocaux sauvegardées: 3 salons
2025-09-15 21:55:21,809:INFO:voice_channels: Salon vocal créé: 🏝️ Salon de Antwan (1417267571828461720) par saucekitache (717031035656732864)
2025-09-15 21:55:22,227:INFO:voice_channels: Salon vocal créé: 🏝️ Salon de Keywan (1417267575028715680) par favonius_key (595343318779428874)
2025-09-15 21:55:23,577:INFO:voice_channels: Données de salons vocaux sauvegardées: 2 salons
2025-09-15 21:55:23,577:INFO:voice_channels: Salon supprimé immédiatement (vide après changement): 🏝️ Salon de Keywan (1417267575028715680)
2025-09-15 21:55:46,780:INFO:voice_channels: Données de salons vocaux sauvegardées: 2 salons
2025-09-15 21:56:39,766:INFO:voice_channels: Données de salons vocaux sauvegardées: 1 salons
2025-09-15 21:56:39,767:INFO:voice_channels: Salon supprimé immédiatement (vide après changement): 🏝️ Salon de Antwan (1417267571828461720)
2025-09-26 15:44:45,145:INFO:voice_channels: Données de salons vocaux chargées: 1 salons
2025-09-26 15:44:45,147:INFO:voice_channels: Configuration chargée avec succès
2025-09-26 19:27:23,511:INFO:voice_channels: Données de salons vocaux sauvegardées: 2 salons
2025-09-26 19:27:24,004:INFO:voice_channels: Salon vocal créé: 🏝️ Salon de Keywan (1421216604158427279) par favonius_key (595343318779428874)
2025-09-26 19:27:26,791:INFO:voice_channels: Données de salons vocaux sauvegardées: 1 salons
2025-09-26 19:27:26,792:INFO:voice_channels: Salon supprimé immédiatement (vide après changement): 🏝️ Salon de Keywan (1421216604158427279)
2025-09-28 12:11:58,676:INFO:voice_channels: Données de salons vocaux chargées: 1 salons
2025-09-28 12:11:58,679:INFO:voice_channels: Configuration chargée avec succès
2025-09-28 12:36:46,774:INFO:voice_channels: Données de salons vocaux chargées: 1 salons
2025-09-28 12:36:46,776:INFO:voice_channels: Configuration chargée avec succès
2025-09-28 13:33:28,490:INFO:voice_channels: Données de salons vocaux chargées: 1 salons
2025-09-28 13:33:28,492:INFO:voice_channels: Configuration chargée avec succès
2025-09-28 13:40:34,924:INFO:voice_channels: Données de salons vocaux chargées: 1 salons
2025-09-28 13:40:34,925:INFO:voice_channels: Configuration chargée avec succès
2025-09-28 13:42:00,349:INFO:voice_channels: Données de salons vocaux chargées: 1 salons
2025-09-28 13:42:00,351:INFO:voice_channels: Configuration chargée avec succès
2025-09-28 14:28:09,365:INFO:voice_channels: Données de salons vocaux chargées: 1 salons
2025-09-28 14:28:09,367:INFO:voice_channels: Configuration chargée avec succès
2025-09-28 15:06:31,625:INFO:voice_channels: Données de salons vocaux chargées: 1 salons
2025-09-28 15:06:31,627:INFO:voice_channels: Configuration chargée avec succès
2025-09-28 15:47:52,005:INFO:voice_channels: Données de salons vocaux chargées: 1 salons
2025-09-28 15:47:52,015:INFO:voice_channels: Configuration chargée avec succès
2025-09-28 16:15:37,797:INFO:voice_channels: Données de salons vocaux chargées: 1 salons
2025-09-28 16:15:37,799:INFO:voice_channels: Configuration chargée avec succès
2025-09-28 19:17:30,446:INFO:voice_channels: Données de salons vocaux chargées: 1 salons
2025-09-28 19:17:30,449:INFO:voice_channels: Configuration chargée avec succès
2025-09-28 19:54:24,565:INFO:voice_channels: Données de salons vocaux chargées: 1 salons
2025-09-28 19:54:24,566:INFO:voice_channels: Configuration chargée avec succès
2025-09-28 21:06:38,219:INFO:voice_channels: Données de salons vocaux chargées: 1 salons
2025-09-28 21:06:38,221:INFO:voice_channels: Configuration chargée avec succès
2025-09-28 21:07:45,247:INFO:voice_channels: Données de salons vocaux chargées: 1 salons
2025-09-28 21:07:45,248:INFO:voice_channels: Configuration chargée avec succès
2025-09-28 21:31:08,846:INFO:voice_channels: Données de salons vocaux chargées: 1 salons
2025-09-28 21:31:08,849:INFO:voice_channels: Configuration chargée avec succès
2025-09-28 22:02:54,517:INFO:voice_channels: Données de salons vocaux chargées: 1 salons
2025-09-28 22:02:54,523:INFO:voice_channels: Configuration chargée avec succès
2025-10-03 00:04:46,559:INFO:voice_channels: Données de salons vocaux sauvegardées: 2 salons
2025-10-03 00:04:47,171:INFO:voice_channels: Salon vocal créé: 🏝️ Salon de NathFly350 (1423460736981794866) par nathfly350 (1262348295708213291)
2025-10-03 00:04:49,008:INFO:voice_channels: Données de salons vocaux sauvegardées: 1 salons
2025-10-03 00:04:49,009:INFO:voice_channels: Salon supprimé immédiatement (vide après changement): 🏝️ Salon de NathFly350 (1423460736981794866)
2025-10-03 01:57:53,172:INFO:voice_channels: Données de salons vocaux sauvegardées: 2 salons
2025-10-03 01:57:53,956:INFO:voice_channels: Données de salons vocaux sauvegardées: 3 salons
2025-10-03 01:57:54,528:INFO:voice_channels: Salon vocal créé: 🏝️ Salon de cptlewis971 (1423489205878657176) par valibad. (1103587930569723924)
2025-10-03 01:57:54,879:INFO:voice_channels: Données de salons vocaux sauvegardées: 2 salons
2025-10-03 01:57:54,880:INFO:voice_channels: Salon supprimé (vide) par la tâche de nettoyage: 🏝️ Salon de cptlewis971 (1423489202418487449)
2025-10-03 01:57:55,700:ERROR:voice_channels: Erreur lors de la création du salon direct: 400 Bad Request (error code: 10003): Unknown Channel
2025-10-03 01:57:56,287:INFO:voice_channels: Données de salons vocaux sauvegardées: 1 salons
2025-10-03 01:57:56,288:INFO:voice_channels: Salon supprimé immédiatement (vide): 🏝️ Salon de cptlewis971 (1423489205878657176)
2025-10-03 01:57:58,484:INFO:voice_channels: Données de salons vocaux sauvegardées: 2 salons
2025-10-03 01:57:59,330:INFO:voice_channels: Salon vocal créé: 🏝️ Salon de cptlewis971 (1423489224761540618) par valibad. (1103587930569723924)
2025-10-03 01:58:11,026:INFO:voice_channels: Données de salons vocaux sauvegardées: 2 salons
2025-10-03 01:58:23,988:INFO:voice_channels: Données de salons vocaux sauvegardées: 2 salons
2025-10-03 01:59:01,248:INFO:voice_channels: Données de salons vocaux sauvegardées: 1 salons
2025-10-03 01:59:01,252:INFO:voice_channels: Salon supprimé immédiatement (vide): 🔒 Salon de cptlewis971 (1423489224761540618)
2025-10-12 22:27:59,474:INFO:voice_channels: Données de salons vocaux sauvegardées: 2 salons
2025-10-12 22:28:00,558:INFO:voice_channels: Salon vocal créé: 🏝️ Salon de jiovany (1427060259435974770) par jiovany (614481388921552896)
2025-10-12 22:28:03,153:INFO:voice_channels: Données de salons vocaux sauvegardées: 1 salons
2025-10-12 22:28:03,154:INFO:voice_channels: Salon supprimé immédiatement (vide): 🏝️ Salon de jiovany (1427060259435974770)
2025-10-24 09:13:29,566:INFO:voice_channels: Données de salons vocaux chargées: 1 salons
2025-10-24 09:13:29,567:INFO:voice_channels: Configuration chargée avec succès
2025-10-24 16:30:27,127:INFO:voice_channels: Données de salons vocaux chargées: 1 salons
2025-10-24 16:30:27,127:INFO:voice_channels: Configuration chargée avec succès
2025-10-24 16:41:11,479:INFO:voice_channels: Données de salons vocaux chargées: 1 salons
2025-10-24 16:41:11,479:INFO:voice_channels: Configuration chargée avec succès
2025-10-24 16:46:39,448:INFO:voice_channels: Données de salons vocaux chargées: 1 salons
2025-10-24 16:46:39,448:INFO:voice_channels: Configuration chargée avec succès
2025-10-24 16:48:23,618:INFO:voice_channels: Données de salons vocaux chargées: 1 salons
2025-10-24 16:48:23,618:INFO:voice_channels: Configuration chargée avec succès
2025-10-24 16:53:25,560:INFO:voice_channels: Données de salons vocaux chargées: 1 salons
2025-10-24 16:53:25,561:INFO:voice_channels: Configuration chargée avec succès
2025-10-24 17:03:24,877:INFO:voice_channels: Données de salons vocaux chargées: 1 salons
2025-10-24 17:03:24,877:INFO:voice_channels: Configuration chargée avec succès
2025-10-24 17:10:45,815:INFO:voice_channels: Données de salons vocaux chargées: 1 salons
2025-10-24 17:10:45,815:INFO:voice_channels: Configuration chargée avec succès
2025-10-24 17:16:25,311:INFO:voice_channels: Données de salons vocaux chargées: 1 salons
2025-10-24 17:16:25,311:INFO:voice_channels: Configuration chargée avec succès
2025-10-24 17:17:50,573:INFO:voice_channels: Données de salons vocaux chargées: 1 salons
2025-10-24 17:17:50,573:INFO:voice_channels: Configuration chargée avec succès
2025-10-24 17:21:25,048:INFO:voice_channels: Données de salons vocaux chargées: 1 salons
2025-10-24 17:21:25,049:INFO:voice_channels: Configuration chargée avec succès
2025-10-24 17:24:01,857:INFO:voice_channels: Données de salons vocaux chargées: 1 salons
2025-10-24 17:24:01,857:INFO:voice_channels: Configuration chargée avec succès
2025-10-24 17:26:13,742:INFO:voice_channels: Données de salons vocaux chargées: 1 salons
2025-10-24 17:26:13,742:INFO:voice_channels: Configuration chargée avec succès
2025-10-24 17:28:50,608:INFO:voice_channels: Données de salons vocaux chargées: 1 salons
2025-10-24 17:28:50,608:INFO:voice_channels: Configuration chargée avec succès
2025-10-24 17:55:22,558:INFO:voice_channels: Données de salons vocaux chargées: 1 salons
2025-10-24 17:55:22,558:INFO:voice_channels: Configuration chargée avec succès
2025-10-24 17:58:46,444:INFO:voice_channels: Données de salons vocaux chargées: 1 salons
2025-10-24 17:58:46,444:INFO:voice_channels: Configuration chargée avec succès
2025-10-24 18:06:30,058:INFO:voice_channels: Données de salons vocaux chargées: 1 salons
2025-10-24 18:06:30,058:INFO:voice_channels: Configuration chargée avec succès
2025-10-24 18:09:41,711:INFO:voice_channels: Données de salons vocaux chargées: 1 salons
2025-10-24 18:09:41,711:INFO:voice_channels: Configuration chargée avec succès
2025-10-24 18:11:07,811:INFO:voice_channels: Données de salons vocaux chargées: 1 salons
2025-10-24 18:11:07,811:INFO:voice_channels: Configuration chargée avec succès
2025-10-24 18:15:43,522:INFO:voice_channels: Données de salons vocaux chargées: 1 salons
2025-10-24 18:15:43,522:INFO:voice_channels: Configuration chargée avec succès
2025-10-24 18:17:52,735:INFO:voice_channels: Données de salons vocaux chargées: 1 salons
2025-10-24 18:17:52,735:INFO:voice_channels: Configuration chargée avec succès
2025-10-24 18:19:35,643:INFO:voice_channels: Données de salons vocaux chargées: 1 salons
2025-10-24 18:19:35,643:INFO:voice_channels: Configuration chargée avec succès
2025-10-24 18:20:28,138:INFO:voice_channels: Données de salons vocaux chargées: 1 salons
2025-10-24 18:20:28,138:INFO:voice_channels: Configuration chargée avec succès
2025-10-24 18:24:44,652:INFO:voice_channels: Données de salons vocaux chargées: 1 salons
2025-10-24 18:24:44,652:INFO:voice_channels: Configuration chargée avec succès
2025-10-27 19:24:39,630:INFO:voice_channels: Données de salons vocaux sauvegardées: 2 salons
2025-10-27 19:24:40,536:INFO:voice_channels: Salon vocal créé: 🏝️ Salon de Keywan (1432449940415582329) par favonius_key (595343318779428874)
2025-10-27 21:53:19,812:INFO:voice_channels: Données de salons vocaux sauvegardées: 3 salons
2025-10-27 21:53:20,641:INFO:voice_channels: Salon vocal créé: 🏝️ Salon de Keywan (1432487354605764608) par favonius_key (595343318779428874)
2025-10-27 21:53:22,550:INFO:voice_channels: Données de salons vocaux sauvegardées: 2 salons
2025-10-27 21:53:22,550:INFO:voice_channels: Salon supprimé immédiatement (vide): 🏝️ Salon de Keywan (1432487354605764608)
2025-10-28 00:58:05,720:INFO:voice_channels: Données de salons vocaux sauvegardées: 3 salons
2025-10-28 00:58:06,353:INFO:voice_channels: Salon vocal créé: 🏝️ Salon de Alex (1432533851586039870) par __panoramix__ (526488410588839959)
2025-10-28 01:00:01,507:INFO:voice_channels: Données de salons vocaux sauvegardées: 2 salons
2025-10-28 01:00:01,507:INFO:voice_channels: Salon supprimé immédiatement (vide après changement): 🏝️ Salon de Alex (1432533851586039870)
2025-10-28 01:49:05,484:INFO:voice_channels: Données de salons vocaux sauvegardées: 1 salons
2025-10-28 01:49:05,484:INFO:voice_channels: Salon supprimé immédiatement (vide): 🏝️ Salon de Keywan (1432449940415582329)
2025-10-31 14:21:57,231:INFO:voice_channels: Données de salons vocaux sauvegardées: 2 salons
2025-10-31 14:21:58,433:INFO:voice_channels: Salon vocal créé: 🏝️ Salon de 𝑵𝒆𝒘𝒂 (1433823313087561899) par newa13k25 (1369419866087362570)
2025-10-31 14:34:50,732:INFO:voice_channels: Données de salons vocaux sauvegardées: 1 salons
2025-10-31 14:34:50,732:INFO:voice_channels: Salon supprimé immédiatement (vide): 🏝️ Salon de 𝑵𝒆𝒘𝒂 (1433823313087561899)
2025-11-01 20:05:39,776:INFO:voice_channels: Données de salons vocaux sauvegardées: 2 salons
2025-11-01 20:05:40,976:INFO:voice_channels: Salon vocal créé: 🏝️ Salon de Anto (1434272197626560583) par antolepilote (508256944230891530)
2025-11-01 20:05:43,602:INFO:voice_channels: Données de salons vocaux sauvegardées: 1 salons
2025-11-01 20:05:43,602:INFO:voice_channels: Salon supprimé immédiatement (vide): 🏝️ Salon de Anto (1434272197626560583)
2025-11-05 21:29:02,955:INFO:voice_channels: Données de salons vocaux sauvegardées: 2 salons
2025-11-05 21:29:03,552:INFO:voice_channels: Salon vocal créé: 🏝️ Salon de jiovany (1435742735046017045) par jiovany (614481388921552896)
2025-11-05 21:29:08,109:INFO:voice_channels: Données de salons vocaux sauvegardées: 1 salons
2025-11-05 21:29:08,109:INFO:voice_channels: Salon supprimé immédiatement (vide): 🏝️ Salon de jiovany (1435742735046017045)
2025-11-11 14:37:26,999:INFO:voice_channels: Données de salons vocaux sauvegardées: 2 salons
2025-11-11 14:37:28,172:INFO:voice_channels: Salon vocal créé: 🏝️ Salon de William (1437813479527420067) par yekite (679645315003187210)
2025-11-11 14:37:38,161:INFO:voice_channels: Données de salons vocaux sauvegardées: 2 salons
2025-11-11 15:31:32,116:INFO:voice_channels: Données de salons vocaux sauvegardées: 1 salons
2025-11-11 15:31:32,117:INFO:voice_channels: Salon supprimé immédiatement (vide après changement): 🏝️ Salon de William (1437813479527420067)
2025-11-11 15:36:15,602:INFO:voice_channels: Données de salons vocaux sauvegardées: 2 salons
2025-11-11 15:36:16,378:INFO:voice_channels: Salon vocal créé: 🏝️ Salon de Keywan (1437828279750099099) par favonius_key (595343318779428874)
2025-11-11 17:51:31,165:INFO:voice_channels: Données de salons vocaux sauvegardées: 3 salons
2025-11-11 17:51:31,986:INFO:voice_channels: Salon vocal créé: 🏝️ Salon de Jean Pierre V (1437862318208848062) par jeanpierre65 (799979281807048714)
2025-11-11 17:51:58,931:INFO:voice_channels: Données de salons vocaux sauvegardées: 2 salons
2025-11-11 17:51:58,931:INFO:voice_channels: Salon supprimé immédiatement (vide après changement): 🏝️ Salon de Jean Pierre V (1437862318208848062)
2025-11-12 00:27:39,882:INFO:voice_channels: Données de salons vocaux sauvegardées: 1 salons
2025-11-12 00:27:39,882:INFO:voice_channels: Salon supprimé immédiatement (vide): 🏝️ Salon de Keywan (1437828279750099099)
2025-11-12 15:27:35,860:INFO:voice_channels: Données de salons vocaux sauvegardées: 2 salons
2025-11-12 15:27:36,753:INFO:voice_channels: Salon vocal créé: 🏝️ Salon de Keywan (1438188487818874944) par favonius_key (595343318779428874)
2025-11-12 17:46:14,379:INFO:voice_channels: Données de salons vocaux sauvegardées: 1 salons
2025-11-12 17:46:14,379:INFO:voice_channels: Salon supprimé immédiatement (vide): 🏝️ Salon de Keywan (1438188487818874944)
2025-11-17 19:03:18,431:INFO:voice_channels: Données de salons vocaux sauvegardées: 2 salons
2025-11-17 19:03:21,173:INFO:voice_channels: Salon vocal créé: 🏝️ Salon de Antwan (1440054712044097778) par saucekitache (717031035656732864)
2025-11-17 19:04:04,032:INFO:voice_channels: Données de salons vocaux sauvegardées: 2 salons
2025-11-17 19:04:08,684:INFO:voice_channels: Données de salons vocaux sauvegardées: 2 salons
2025-11-17 20:21:52,662:INFO:voice_channels: Données de salons vocaux sauvegardées: 1 salons
2025-11-17 20:21:52,663:INFO:voice_channels: Salon supprimé immédiatement (vide): 🏝️ Salon de Antwan (1440054712044097778)
2025-11-17 20:48:19,143:INFO:voice_channels: Données de salons vocaux sauvegardées: 2 salons
2025-11-17 20:48:19,927:INFO:voice_channels: Salon vocal créé: 🏝️ Salon de Antwan (1440081139233587291) par saucekitache (717031035656732864)
2025-11-17 22:11:55,688:INFO:voice_channels: Données de salons vocaux sauvegardées: 1 salons
2025-11-17 22:11:55,688:INFO:voice_channels: Salon supprimé immédiatement (vide): 🏝️ Salon de Antwan (1440081139233587291)
2025-11-17 22:55:33,083:INFO:voice_channels: Données de salons vocaux chargées: 1 salons
2025-11-17 22:55:33,083:INFO:voice_channels: Configuration chargée avec succès
2025-11-17 22:57:21,649:INFO:voice_channels: Données de salons vocaux chargées: 1 salons
2025-11-17 22:57:21,649:INFO:voice_channels: Configuration chargée avec succès
2025-11-17 22:59:37,647:INFO:voice_channels: Données de salons vocaux chargées: 1 salons
2025-11-17 22:59:37,648:INFO:voice_channels: Configuration chargée avec succès
2025-11-17 23:02:11,478:INFO:voice_channels: Données de salons vocaux chargées: 1 salons
2025-11-17 23:02:11,478:INFO:voice_channels: Configuration chargée avec succès
2025-11-17 23:07:50,771:INFO:voice_channels: Données de salons vocaux chargées: 1 salons
2025-11-17 23:07:50,771:INFO:voice_channels: Configuration chargée avec succès
2025-11-17 23:09:08,882:INFO:voice_channels: Données de salons vocaux sauvegardées: 2 salons
2025-11-17 23:09:09,796:INFO:voice_channels: Salon vocal créé: 🏝️ Salon de Walid (1440116579818934406) par skyneff (296361744996106241)
2025-11-17 23:21:26,882:INFO:voice_channels: Données de salons vocaux chargées: 2 salons
2025-11-17 23:21:26,882:INFO:voice_channels: Configuration chargée avec succès
2025-11-17 23:24:53,728:INFO:voice_channels: Données de salons vocaux chargées: 2 salons
2025-11-17 23:24:53,728:INFO:voice_channels: Configuration chargée avec succès
2025-11-17 23:37:13,928:INFO:voice_channels: Données de salons vocaux chargées: 2 salons
2025-11-17 23:37:13,929:INFO:voice_channels: Configuration chargée avec succès
2025-11-18 00:54:17,663:INFO:voice_channels: Données de salons vocaux sauvegardées: 3 salons
2025-11-18 00:54:18,397:INFO:voice_channels: Salon vocal créé: 🏝️ Salon de Keywan (1440143040504266852) par favonius_key (595343318779428874)
2025-11-18 00:54:21,802:INFO:voice_channels: Données de salons vocaux sauvegardées: 3 salons
2025-11-18 00:54:24,024:INFO:voice_channels: Données de salons vocaux sauvegardées: 2 salons
2025-11-18 00:54:24,024:INFO:voice_channels: Salon supprimé immédiatement (vide): 🏝️ Salon de Keywan (1440143040504266852)
2025-11-18 00:55:04,088:INFO:voice_channels: Données de salons vocaux sauvegardées: 3 salons
2025-11-18 00:55:04,672:ERROR:voice_channels: Erreur lors de la création du salon direct: 503 Service Unavailable (error code: 0): 503: Service Unavailable
2025-11-18 00:57:14,400:INFO:voice_channels: Données de salons vocaux sauvegardées: 2 salons
2025-11-18 00:57:14,401:INFO:voice_channels: Salon supprimé (vide) par la tâche de nettoyage: 🏝️ Salon de Keywan (1440143235614904441)
